****************************************
Test: static shards ...
  ... Passed
Test: join then leave ...
  ... Passed
Test: snapshots, join, and leave ...
  ... Passed
Test: servers miss configuration changes...
  ... Passed
Test: concurrent puts and configuration changes...
  ... Passed
Test: more concurrent puts and configuration changes...
  ... Passed
Test: concurrent configuration change and restart...
  ... Passed
Test: unreliable 1...
  ... Passed
Test: unreliable 2...
--- FAIL: TestUnreliable2 (8.84s)
    test_test.go:19: Get(3): expected:
        O22l6mz7dxvwwrpLYLtd3IRm8fIYrhi4MCagD4TSskZlGioC8NbDfPJLj6wxk23-oeec5msCrY_F7sVQYB4mkM-MBVtNojwFDV4DCxOvSUr5Ge
        received:
        O22l6mz7dxvwwrpLYLtd3IRm8fIYrhi4MCagD4TSioC8NbDfPJLj6wxk23-oeec5msCrY_F7sVQYB4mkM-MBVtNojwFDV4DCxOvSUr5Ge
Test: unreliable 3...
  ... Passed
Test: shard deletion (challenge 1) ...
0: raft=592 snap=13677 
1: raft=651 snap=13677 
2: raft=595 snap=13677 
0: raft=11668 snap=4632 
1: raft=11668 snap=4632 
2: raft=11668 snap=4632 
0: raft=591 snap=13677 
1: raft=650 snap=13677 
2: raft=650 snap=13677 
--- FAIL: TestChallenge1Delete (18.90s)
    test_test.go:806: snapshot + persisted Raft state are too big: 134691 > 117000
Test: unaffected shard access (challenge 2) ...
  ... Passed
Test: partial migration shard access (challenge 2) ...
  ... Passed
FAIL
exit status 1
FAIL	6.824/shardkv	140.703s
****************************************
Test: static shards ...
  ... Passed
Test: join then leave ...
  ... Passed
Test: snapshots, join, and leave ...
  ... Passed
Test: servers miss configuration changes...
  ... Passed
Test: concurrent puts and configuration changes...
  ... Passed
Test: more concurrent puts and configuration changes...
--- FAIL: TestConcurrent2 (14.51s)
    test_test.go:19: Get(2): expected:
        RwkpizWCj9UIuw5wyrMOZ5-16V0iRzab_2f7R9iETzSqJgelnDePg3e2Km9s5t17Uku2SZ89AeEV
        received:
        RwkpizWCj9UIuw5wyrMOZ5-16V0iRzb_2f7R9iETzSqJgelnDePg3e2Km9s5t17Uku2SZ89AeEV
Test: concurrent configuration change and restart...
  ... Passed
Test: unreliable 1...
  ... Passed
Test: unreliable 2...
  ... Passed
Test: unreliable 3...
info: wrote history visualization to /tmp/2109436254.html
--- FAIL: TestUnreliable3 (8.56s)
    test_test.go:722: history is not linearizable
Test: shard deletion (challenge 1) ...
0: raft=592 snap=13677 
1: raft=651 snap=13677 
2: raft=651 snap=13677 
0: raft=11668 snap=4632 
1: raft=11668 snap=4632 
2: raft=11668 snap=4632 
0: raft=591 snap=13677 
1: raft=591 snap=13677 
2: raft=650 snap=13677 
--- FAIL: TestChallenge1Delete (18.39s)
    test_test.go:806: snapshot + persisted Raft state are too big: 134688 > 117000
Test: unaffected shard access (challenge 2) ...
  ... Passed
Test: partial migration shard access (challenge 2) ...
  ... Passed
FAIL
exit status 1
FAIL	6.824/shardkv	128.895s
****************************************
Test: static shards ...
  ... Passed
Test: join then leave ...
  ... Passed
Test: snapshots, join, and leave ...
  ... Passed
Test: servers miss configuration changes...
  ... Passed
Test: concurrent puts and configuration changes...
  ... Passed
Test: more concurrent puts and configuration changes...
  ... Passed
Test: concurrent configuration change and restart...
  ... Passed
Test: unreliable 1...
  ... Passed
Test: unreliable 2...
  ... Passed
Test: unreliable 3...
  ... Passed
Test: shard deletion (challenge 1) ...
0: raft=592 snap=13677 
1: raft=651 snap=13677 
2: raft=651 snap=13677 
0: raft=11668 snap=4632 
1: raft=79 snap=4632 
2: raft=11668 snap=4632 
0: raft=591 snap=13677 
1: raft=591 snap=13677 
2: raft=650 snap=13677 
--- FAIL: TestChallenge1Delete (18.16s)
    test_test.go:806: snapshot + persisted Raft state are too big: 123099 > 117000
Test: unaffected shard access (challenge 2) ...
  ... Passed
Test: partial migration shard access (challenge 2) ...
  ... Passed
FAIL
exit status 1
FAIL	6.824/shardkv	130.136s
****************************************
Test: static shards ...
  ... Passed
Test: join then leave ...
  ... Passed
Test: snapshots, join, and leave ...
  ... Passed
Test: servers miss configuration changes...
  ... Passed
Test: concurrent puts and configuration changes...
  ... Passed
Test: more concurrent puts and configuration changes...
  ... Passed
Test: concurrent configuration change and restart...
  ... Passed
Test: unreliable 1...
  ... Passed
Test: unreliable 2...
  ... Passed
Test: unreliable 3...
info: wrote history visualization to /tmp/1569168709.html
--- FAIL: TestUnreliable3 (8.05s)
    test_test.go:722: history is not linearizable
Test: shard deletion (challenge 1) ...
0: raft=592 snap=13677 
1: raft=651 snap=13677 
2: raft=651 snap=13677 
0: raft=11668 snap=4632 
1: raft=11668 snap=4632 
2: raft=11668 snap=4632 
0: raft=591 snap=13677 
1: raft=591 snap=13677 
2: raft=650 snap=13677 
--- FAIL: TestChallenge1Delete (17.87s)
    test_test.go:806: snapshot + persisted Raft state are too big: 134688 > 117000
Test: unaffected shard access (challenge 2) ...
  ... Passed
Test: partial migration shard access (challenge 2) ...
  ... Passed
FAIL
exit status 1
FAIL	6.824/shardkv	132.335s
****************************************
Test: static shards ...
  ... Passed
Test: join then leave ...
  ... Passed
Test: snapshots, join, and leave ...
  ... Passed
Test: servers miss configuration changes...
  ... Passed
Test: concurrent puts and configuration changes...
  ... Passed
Test: more concurrent puts and configuration changes...
  ... Passed
Test: concurrent configuration change and restart...
  ... Passed
Test: unreliable 1...
  ... Passed
Test: unreliable 2...
  ... Passed
Test: unreliable 3...
  ... Passed
Test: shard deletion (challenge 1) ...
0: raft=592 snap=13677 
1: raft=651 snap=13677 
2: raft=651 snap=13677 
0: raft=11668 snap=4632 
1: raft=11668 snap=4632 
2: raft=11668 snap=4632 
0: raft=591 snap=13677 
1: raft=650 snap=13677 
2: raft=650 snap=13677 
--- FAIL: TestChallenge1Delete (18.28s)
    test_test.go:806: snapshot + persisted Raft state are too big: 134747 > 117000
Test: unaffected shard access (challenge 2) ...
  ... Passed
Test: partial migration shard access (challenge 2) ...
  ... Passed
FAIL
exit status 1
FAIL	6.824/shardkv	126.838s
****************************************
Test: static shards ...
  ... Passed
Test: join then leave ...
  ... Passed
Test: snapshots, join, and leave ...
  ... Passed
Test: servers miss configuration changes...
  ... Passed
Test: concurrent puts and configuration changes...
  ... Passed
Test: more concurrent puts and configuration changes...
  ... Passed
Test: concurrent configuration change and restart...
  ... Passed
Test: unreliable 1...
  ... Passed
Test: unreliable 2...
  ... Passed
Test: unreliable 3...
  ... Passed
Test: shard deletion (challenge 1) ...
