****************************************
Test: static shards ...
  ... Passed
Test: join then leave ...
  ... Passed
Test: snapshots, join, and leave ...
  ... Passed
Test: servers miss configuration changes...
  ... Passed
Test: concurrent puts and configuration changes...
--- FAIL: TestConcurrent1 (7.72s)
    test_test.go:19: Get(2): expected:
        Eeot4cAa8mE62JmZSgN923AjaFDG2n98UXc
        received:
        Eeot4cAa8mZSgN923Aja98UXc
Test: more concurrent puts and configuration changes...
--- FAIL: TestConcurrent2 (17.06s)
    test_test.go:19: Get(2): expected:
        LZQ2tEDApZVIa1Yx6htGbE6YlrZWTHVmeZu8lA9y6N48
        received:
        LZQ2tEDApZVIa1Yx6htGbE6YlrZWTHVmeZulA9y6N48
Test: concurrent configuration change and restart...
--- FAIL: TestConcurrent3 (22.62s)
    test_test.go:19: Get(2): expected:
        ey5r8Y0
        received:
        ey5r80
Test: unreliable 1...
  ... Passed
Test: unreliable 2...
--- FAIL: TestUnreliable2 (12.24s)
    test_test.go:19: Get(6): expected:
        0GHvus_xxTIsEsiaPutLd18iCycEhpkEGDjeSpcxxdZT4
        received:
        0GHvus_xxTIsEsiaPutLycEhpkEGDjeSpcxxdZT4
Test: unreliable 3...
info: wrote history visualization to /tmp/483427483.html
--- FAIL: TestUnreliable3 (10.91s)
    test_test.go:722: history is not linearizable
Test: shard deletion (challenge 1) ...
  ... Passed
Test: unaffected shard access (challenge 2) ...
  ... Passed
Test: partial migration shard access (challenge 2) ...
  ... Passed
FAIL
exit status 1
FAIL	6.824/shardkv	174.891s
****************************************
Test: static shards ...
  ... Passed
Test: join then leave ...
  ... Passed
Test: snapshots, join, and leave ...
  ... Passed
Test: servers miss configuration changes...
  ... Passed
Test: concurrent puts and configuration changes...
--- FAIL: TestConcurrent1 (7.60s)
    test_test.go:19: Get(7): expected:
        Mli8apWpHxIcYEPn56PwllMMKECzO3kF5EaVAofloiJSK
        received:
        Mli8apWpHxIcYEPn56PwECzO3kF5EaVAofloiJSK
Test: more concurrent puts and configuration changes...
  ... Passed
Test: concurrent configuration change and restart...
  ... Passed
Test: unreliable 1...
  ... Passed
Test: unreliable 2...
--- FAIL: TestUnreliable2 (12.18s)
    test_test.go:19: Get(3): expected:
        gwwOlxn_Y-dqUbuImuLdgTupFTUAryDx2L99fpJ8
        received:
        gwwOlxn_Y-dqUbuImuLdgTupFDx2L99fpJ8
Test: unreliable 3...
  ... Passed
Test: shard deletion (challenge 1) ...
  ... Passed
Test: unaffected shard access (challenge 2) ...
  ... Passed
Test: partial migration shard access (challenge 2) ...
  ... Passed
FAIL
exit status 1
FAIL	6.824/shardkv	177.371s
****************************************
Test: static shards ...
  ... Passed
Test: join then leave ...
  ... Passed
Test: snapshots, join, and leave ...
  ... Passed
Test: servers miss configuration changes...
  ... Passed
Test: concurrent puts and configuration changes...
--- FAIL: TestConcurrent1 (7.56s)
    test_test.go:19: Get(2): expected:
        GyVltjuccUuR2DAGGcxu2nTfBNWR7J-rquSTzJxT
        received:
        GyVltjuccUuR2DA2nTfBNWR7J-rquSTzJxT
Test: more concurrent puts and configuration changes...
--- FAIL: TestConcurrent2 (16.82s)
    test_test.go:19: Get(3): expected:
        wUDU5aFZnwdUv8QnrTGjLJj3_ppaPnaP5d0aTRBjubzXe-jr
        received:
        wUDU5aFZnwdUv8QnrTGjLJ3_ppaPnaP5d0aTRBjubzXe-jr
Test: concurrent configuration change and restart...
  ... Passed
Test: unreliable 1...
  ... Passed
Test: unreliable 2...
  ... Passed
Test: unreliable 3...
info: wrote history visualization to /tmp/014131858.html
--- FAIL: TestUnreliable3 (9.69s)
    test_test.go:722: history is not linearizable
Test: shard deletion (challenge 1) ...
  ... Passed
Test: unaffected shard access (challenge 2) ...
  ... Passed
Test: partial migration shard access (challenge 2) ...
  ... Passed
FAIL
exit status 1
FAIL	6.824/shardkv	175.389s
****************************************
Test: static shards ...
  ... Passed
Test: join then leave ...
  ... Passed
Test: snapshots, join, and leave ...
  ... Passed
Test: servers miss configuration changes...
--- FAIL: TestMissChange (5.41s)
    test_test.go:19: Get(3): expected:
        mAgy-5m-4sHt4y01wYk31zW7RnHWT5MZWsYt7fLnmRJzm_K_BLgaP6G0adtg
        received:
        mAgy-5m-4sHt4y01wYk31zW7RnHWT5MZWsYt7fLn
Test: concurrent puts and configuration changes...
--- FAIL: TestConcurrent1 (7.82s)
    test_test.go:19: Get(2): expected:
        A20HXcZ9VrbNhIFl6ZT2p47BEXB_wD3VVxjAWQPQ
        received:
        A20HXcZ9Vrl6ZT2p47BE3VVxjAWQPQ
Test: more concurrent puts and configuration changes...
--- FAIL: TestConcurrent2 (17.80s)
    test_test.go:19: Get(3): expected:
        s1UIso0mxJTBmtGgEOvArCl_yXn92no2RjeCbNBP_g
        received:
        s1UIso0mxJTBmtGgEOvrCl_yXn92no2RjeCbNBP_g
Test: concurrent configuration change and restart...
